<?xml version="1.0" encoding="UTF-8"?>
<!-- Generated by org.testng.reporters.JUnitReportReporter -->
<testsuite skipped="0" hostname="LAPTOP-LERISS7F" name="com.aspire.testcases.TC04_Logout" tests="1" failures="0" timestamp="2022-01-23T23:56:03 IST" time="3.605" errors="0">
  <testcase name="ProductCreate" time="3.605" classname="com.aspire.testcases.TC04_Logout"/>
  <system-out/>
</testsuite> <!-- com.aspire.testcases.TC04_Logout -->
