<?xml version="1.0" encoding="UTF-8"?>
<!-- Generated by org.testng.reporters.JUnitReportReporter -->
<testsuite skipped="0" hostname="LAPTOP-LERISS7F" name="com.aspire.testcases.TC02_InventoryProduct" tests="1" failures="0" timestamp="2022-01-23T23:15:39 IST" time="400.287" errors="0">
  <testcase name="ProductCreated" time="400.287" classname="com.aspire.testcases.TC02_InventoryProduct"/>
  <system-out/>
</testsuite> <!-- com.aspire.testcases.TC02_InventoryProduct -->
