<?xml version="1.0" encoding="UTF-8"?>
<!-- Generated by org.testng.reporters.JUnitReportReporter -->
<testsuite skipped="0" hostname="LAPTOP-LERISS7F" name="com.aspire.testcases.TC01_Login" tests="1" failures="0" timestamp="2022-01-24T17:22:23 IST" time="8.473" errors="0">
  <testcase name="aspireLogin" time="8.473" classname="com.aspire.testcases.TC01_Login"/>
  <system-out/>
</testsuite> <!-- com.aspire.testcases.TC01_Login -->
