<?xml version="1.0" encoding="UTF-8"?>
<!-- Generated by org.testng.reporters.JUnitReportReporter -->
<testsuite skipped="0" hostname="LAPTOP-LERISS7F" name="com.aspire.testcases.TC03_Manufacturing" tests="1" failures="0" timestamp="2022-01-24T17:34:05 IST" time="18.944" errors="0">
  <testcase name="manufacturingOrderCreated" time="18.944" classname="com.aspire.testcases.TC03_Manufacturing"/>
  <system-out/>
</testsuite> <!-- com.aspire.testcases.TC03_Manufacturing -->
